<?xml version="1.0" encoding="UTF-8"?>
<!-- Generated by org.testng.reporters.JUnitReportReporter -->
<testsuite hostname="DESKTOP-OJV5DL2" failures="0" tests="1" name="Tests.RemoveProduct" time="49.406" errors="0" timestamp="2024-05-27T21:24:21 IST" skipped="0">
  <testcase classname="Tests.RemoveProduct" name="TC_0017" time="49.406"/>
  <system-out/>
</testsuite> <!-- Tests.RemoveProduct -->
